have_header: checking for vm_core.h... -------------------- no

"clang -o conftest -I/Users/ts/.rbenv/versions/2.7.4/include/ruby-2.7.0/x86_64-darwin20 -I/Users/ts/.rbenv/versions/2.7.4/include/ruby-2.7.0/ruby/backward -I/Users/ts/.rbenv/versions/2.7.4/include/ruby-2.7.0 -I. -I/Users/ts/.rbenv/sources/2.7.4/ruby-2.7.4 -I/Users/ts/.rbenv/versions/2.7.4/include  -D_XOPEN_SOURCE -D_DARWIN_C_SOURCE -D_DARWIN_UNLIMITED_SELECT -D_REENTRANT   -g -O2 -fno-common -pipe conftest.c  -L. -L/Users/ts/.rbenv/versions/2.7.4/lib -L. -L/Users/ts/.rbenv/versions/2.7.4/lib  -fstack-protector-strong -L/usr/local/lib     -lruby.2.7   "
checked program was:
/* begin */
1: #include "ruby.h"
2: 
3: int main(int argc, char **argv)
4: {
5:   return !!argv[argc];
6: }
/* end */

"clang -E -I/Users/ts/.rbenv/versions/2.7.4/include/ruby-2.7.0/x86_64-darwin20 -I/Users/ts/.rbenv/versions/2.7.4/include/ruby-2.7.0/ruby/backward -I/Users/ts/.rbenv/versions/2.7.4/include/ruby-2.7.0 -I. -I/Users/ts/.rbenv/sources/2.7.4/ruby-2.7.4 -I/Users/ts/.rbenv/versions/2.7.4/include  -D_XOPEN_SOURCE -D_DARWIN_C_SOURCE -D_DARWIN_UNLIMITED_SELECT -D_REENTRANT   -g -O2 -fno-common -pipe  conftest.c -o conftest.i"
conftest.c:3:10: fatal error: 'vm_core.h' file not found
#include <vm_core.h>
         ^~~~~~~~~~~
1 error generated.
checked program was:
/* begin */
1: #include "ruby.h"
2: 
3: #include <vm_core.h>
/* end */

--------------------

have_header: checking for vm_core.h... -------------------- no

"clang -E -I/Users/ts/.rbenv/versions/2.7.4/include/ruby-2.7.0/x86_64-darwin20 -I/Users/ts/.rbenv/versions/2.7.4/include/ruby-2.7.0/ruby/backward -I/Users/ts/.rbenv/versions/2.7.4/include/ruby-2.7.0 -I. -I/Users/ts/.rbenv/versions/2.7.4/include/ruby-2.7.0/ruby-2.7.4-p191 -g -O2 -fno-common -pipe  conftest.c -o conftest.i"
conftest.c:3:10: fatal error: 'vm_core.h' file not found
#include <vm_core.h>
         ^~~~~~~~~~~
1 error generated.
checked program was:
/* begin */
1: #include "ruby.h"
2: 
3: #include <vm_core.h>
/* end */

--------------------

have_header: checking for vm_core.h... -------------------- yes

"clang -E -I/Users/ts/.rbenv/versions/2.7.4/include/ruby-2.7.0/x86_64-darwin20 -I/Users/ts/.rbenv/versions/2.7.4/include/ruby-2.7.0/ruby/backward -I/Users/ts/.rbenv/versions/2.7.4/include/ruby-2.7.0 -I. -I/Users/ts/.rbenv/versions/2.7.4/lib/ruby/gems/2.7.0/gems/debase-ruby_core_source-0.10.17/lib/debase/ruby_core_source/ruby-2.7.0-p0 -g -O2 -fno-common -pipe  conftest.c -o conftest.i"
checked program was:
/* begin */
1: #include "ruby.h"
2: 
3: #include <vm_core.h>
/* end */

--------------------

have_header: checking for iseq.h... -------------------- yes

"clang -E -I/Users/ts/.rbenv/versions/2.7.4/include/ruby-2.7.0/x86_64-darwin20 -I/Users/ts/.rbenv/versions/2.7.4/include/ruby-2.7.0/ruby/backward -I/Users/ts/.rbenv/versions/2.7.4/include/ruby-2.7.0 -I. -I/Users/ts/.rbenv/versions/2.7.4/lib/ruby/gems/2.7.0/gems/debase-ruby_core_source-0.10.17/lib/debase/ruby_core_source/ruby-2.7.0-p0 -g -O2 -fno-common -pipe  conftest.c -o conftest.i"
checked program was:
/* begin */
1: #include "ruby.h"
2: 
3: #include <iseq.h>
/* end */

--------------------

have_header: checking for version.h... -------------------- yes

"clang -E -I/Users/ts/.rbenv/versions/2.7.4/include/ruby-2.7.0/x86_64-darwin20 -I/Users/ts/.rbenv/versions/2.7.4/include/ruby-2.7.0/ruby/backward -I/Users/ts/.rbenv/versions/2.7.4/include/ruby-2.7.0 -I. -I/Users/ts/.rbenv/versions/2.7.4/lib/ruby/gems/2.7.0/gems/debase-ruby_core_source-0.10.17/lib/debase/ruby_core_source/ruby-2.7.0-p0 -g -O2 -fno-common -pipe  conftest.c -o conftest.i"
checked program was:
/* begin */
1: #include "ruby.h"
2: 
3: #include <version.h>
/* end */

--------------------

have_header: checking for vm_core.h... -------------------- yes

"clang -E -I/Users/ts/.rbenv/versions/2.7.4/include/ruby-2.7.0/x86_64-darwin20 -I/Users/ts/.rbenv/versions/2.7.4/include/ruby-2.7.0/ruby/backward -I/Users/ts/.rbenv/versions/2.7.4/include/ruby-2.7.0 -I. -I/Users/ts/.rbenv/versions/2.7.4/lib/ruby/gems/2.7.0/gems/debase-ruby_core_source-0.10.17/lib/debase/ruby_core_source/ruby-2.7.0-p0 -g -O2 -fno-common -pipe  conftest.c -o conftest.i"
checked program was:
/* begin */
1: #include "ruby.h"
2: 
3: #include <vm_core.h>
/* end */

--------------------

have_header: checking for vm_insnhelper.h... -------------------- yes

"clang -E -I/Users/ts/.rbenv/versions/2.7.4/include/ruby-2.7.0/x86_64-darwin20 -I/Users/ts/.rbenv/versions/2.7.4/include/ruby-2.7.0/ruby/backward -I/Users/ts/.rbenv/versions/2.7.4/include/ruby-2.7.0 -I. -I/Users/ts/.rbenv/versions/2.7.4/lib/ruby/gems/2.7.0/gems/debase-ruby_core_source-0.10.17/lib/debase/ruby_core_source/ruby-2.7.0-p0 -g -O2 -fno-common -pipe  conftest.c -o conftest.i"
checked program was:
/* begin */
1: #include "ruby.h"
2: 
3: #include <vm_insnhelper.h>
/* end */

--------------------

have_header: checking for vm_core.h... -------------------- yes

"clang -E -I/Users/ts/.rbenv/versions/2.7.4/include/ruby-2.7.0/x86_64-darwin20 -I/Users/ts/.rbenv/versions/2.7.4/include/ruby-2.7.0/ruby/backward -I/Users/ts/.rbenv/versions/2.7.4/include/ruby-2.7.0 -I. -I/Users/ts/.rbenv/versions/2.7.4/lib/ruby/gems/2.7.0/gems/debase-ruby_core_source-0.10.17/lib/debase/ruby_core_source/ruby-2.7.0-p0 -g -O2 -fno-common -pipe  conftest.c -o conftest.i"
checked program was:
/* begin */
1: #include "ruby.h"
2: 
3: #include <vm_core.h>
/* end */

--------------------

have_header: checking for method.h... -------------------- yes

"clang -E -I/Users/ts/.rbenv/versions/2.7.4/include/ruby-2.7.0/x86_64-darwin20 -I/Users/ts/.rbenv/versions/2.7.4/include/ruby-2.7.0/ruby/backward -I/Users/ts/.rbenv/versions/2.7.4/include/ruby-2.7.0 -I. -I/Users/ts/.rbenv/versions/2.7.4/lib/ruby/gems/2.7.0/gems/debase-ruby_core_source-0.10.17/lib/debase/ruby_core_source/ruby-2.7.0-p0 -g -O2 -fno-common -pipe  conftest.c -o conftest.i"
checked program was:
/* begin */
1: #include "ruby.h"
2: 
3: #include <method.h>
/* end */

--------------------

have_header: checking for vm_core.h... -------------------- no

"clang -E -I/Users/ts/.rbenv/versions/2.7.4/include/ruby-2.7.0/x86_64-darwin20 -I/Users/ts/.rbenv/versions/2.7.4/include/ruby-2.7.0/ruby/backward -I/Users/ts/.rbenv/versions/2.7.4/include/ruby-2.7.0 -I. -I/Users/ts/.rbenv/sources/2.7.4/ruby-2.7.4 -I/Users/ts/.rbenv/versions/2.7.4/include  -D_XOPEN_SOURCE -D_DARWIN_C_SOURCE -D_DARWIN_UNLIMITED_SELECT -D_REENTRANT   -g -O2 -fno-common -pipe  conftest.c -o conftest.i"
conftest.c:3:10: fatal error: 'vm_core.h' file not found
#include <vm_core.h>
         ^~~~~~~~~~~
1 error generated.
checked program was:
/* begin */
1: #include "ruby.h"
2: 
3: #include <vm_core.h>
/* end */

--------------------

have_header: checking for vm_core.h... -------------------- no

"clang -E -I/Users/ts/.rbenv/versions/2.7.4/include/ruby-2.7.0/x86_64-darwin20 -I/Users/ts/.rbenv/versions/2.7.4/include/ruby-2.7.0/ruby/backward -I/Users/ts/.rbenv/versions/2.7.4/include/ruby-2.7.0 -I. -I/Users/ts/.rbenv/versions/2.7.4/include/ruby-2.7.0/ruby-2.7.4-p191 -g -O2 -fno-common -pipe  conftest.c -o conftest.i"
conftest.c:3:10: fatal error: 'vm_core.h' file not found
#include <vm_core.h>
         ^~~~~~~~~~~
1 error generated.
checked program was:
/* begin */
1: #include "ruby.h"
2: 
3: #include <vm_core.h>
/* end */

--------------------

have_header: checking for vm_core.h... -------------------- yes

"clang -E -I/Users/ts/.rbenv/versions/2.7.4/include/ruby-2.7.0/x86_64-darwin20 -I/Users/ts/.rbenv/versions/2.7.4/include/ruby-2.7.0/ruby/backward -I/Users/ts/.rbenv/versions/2.7.4/include/ruby-2.7.0 -I. -I/Users/ts/.rbenv/versions/2.7.4/lib/ruby/gems/2.7.0/gems/debase-ruby_core_source-0.10.17/lib/debase/ruby_core_source/ruby-2.7.0-p0 -g -O2 -fno-common -pipe  conftest.c -o conftest.i"
checked program was:
/* begin */
1: #include "ruby.h"
2: 
3: #include <vm_core.h>
/* end */

--------------------

have_header: checking for iseq.h... -------------------- yes

"clang -E -I/Users/ts/.rbenv/versions/2.7.4/include/ruby-2.7.0/x86_64-darwin20 -I/Users/ts/.rbenv/versions/2.7.4/include/ruby-2.7.0/ruby/backward -I/Users/ts/.rbenv/versions/2.7.4/include/ruby-2.7.0 -I. -I/Users/ts/.rbenv/versions/2.7.4/lib/ruby/gems/2.7.0/gems/debase-ruby_core_source-0.10.17/lib/debase/ruby_core_source/ruby-2.7.0-p0 -g -O2 -fno-common -pipe  conftest.c -o conftest.i"
checked program was:
/* begin */
1: #include "ruby.h"
2: 
3: #include <iseq.h>
/* end */

--------------------

have_header: checking for version.h... -------------------- yes

"clang -E -I/Users/ts/.rbenv/versions/2.7.4/include/ruby-2.7.0/x86_64-darwin20 -I/Users/ts/.rbenv/versions/2.7.4/include/ruby-2.7.0/ruby/backward -I/Users/ts/.rbenv/versions/2.7.4/include/ruby-2.7.0 -I. -I/Users/ts/.rbenv/versions/2.7.4/lib/ruby/gems/2.7.0/gems/debase-ruby_core_source-0.10.17/lib/debase/ruby_core_source/ruby-2.7.0-p0 -g -O2 -fno-common -pipe  conftest.c -o conftest.i"
checked program was:
/* begin */
1: #include "ruby.h"
2: 
3: #include <version.h>
/* end */

--------------------

have_header: checking for vm_core.h... -------------------- yes

"clang -E -I/Users/ts/.rbenv/versions/2.7.4/include/ruby-2.7.0/x86_64-darwin20 -I/Users/ts/.rbenv/versions/2.7.4/include/ruby-2.7.0/ruby/backward -I/Users/ts/.rbenv/versions/2.7.4/include/ruby-2.7.0 -I. -I/Users/ts/.rbenv/versions/2.7.4/lib/ruby/gems/2.7.0/gems/debase-ruby_core_source-0.10.17/lib/debase/ruby_core_source/ruby-2.7.0-p0 -g -O2 -fno-common -pipe  conftest.c -o conftest.i"
checked program was:
/* begin */
1: #include "ruby.h"
2: 
3: #include <vm_core.h>
/* end */

--------------------

have_header: checking for vm_insnhelper.h... -------------------- yes

"clang -E -I/Users/ts/.rbenv/versions/2.7.4/include/ruby-2.7.0/x86_64-darwin20 -I/Users/ts/.rbenv/versions/2.7.4/include/ruby-2.7.0/ruby/backward -I/Users/ts/.rbenv/versions/2.7.4/include/ruby-2.7.0 -I. -I/Users/ts/.rbenv/versions/2.7.4/lib/ruby/gems/2.7.0/gems/debase-ruby_core_source-0.10.17/lib/debase/ruby_core_source/ruby-2.7.0-p0 -g -O2 -fno-common -pipe  conftest.c -o conftest.i"
checked program was:
/* begin */
1: #include "ruby.h"
2: 
3: #include <vm_insnhelper.h>
/* end */

--------------------

have_header: checking for vm_core.h... -------------------- yes

"clang -E -I/Users/ts/.rbenv/versions/2.7.4/include/ruby-2.7.0/x86_64-darwin20 -I/Users/ts/.rbenv/versions/2.7.4/include/ruby-2.7.0/ruby/backward -I/Users/ts/.rbenv/versions/2.7.4/include/ruby-2.7.0 -I. -I/Users/ts/.rbenv/versions/2.7.4/lib/ruby/gems/2.7.0/gems/debase-ruby_core_source-0.10.17/lib/debase/ruby_core_source/ruby-2.7.0-p0 -g -O2 -fno-common -pipe  conftest.c -o conftest.i"
checked program was:
/* begin */
1: #include "ruby.h"
2: 
3: #include <vm_core.h>
/* end */

--------------------

have_header: checking for method.h... -------------------- yes

"clang -E -I/Users/ts/.rbenv/versions/2.7.4/include/ruby-2.7.0/x86_64-darwin20 -I/Users/ts/.rbenv/versions/2.7.4/include/ruby-2.7.0/ruby/backward -I/Users/ts/.rbenv/versions/2.7.4/include/ruby-2.7.0 -I. -I/Users/ts/.rbenv/versions/2.7.4/lib/ruby/gems/2.7.0/gems/debase-ruby_core_source-0.10.17/lib/debase/ruby_core_source/ruby-2.7.0-p0 -g -O2 -fno-common -pipe  conftest.c -o conftest.i"
checked program was:
/* begin */
1: #include "ruby.h"
2: 
3: #include <method.h>
/* end */

--------------------

